2023-08-21 21:01:57.533 StartListen( True ) success.
2023-08-21 21:02:11.758 StartListen( True ) success.
2023-08-21 21:02:57.9 StartListen( True ) success.
2023-08-21 21:43:36.168 StartListen( True ) success.
2023-08-21 21:43:36.216 Start Device.
2023-08-21 21:43:36.216 Device 000001F4F0B18F90 connected,udid:00008101-001D25263A8B001E
2023-08-21 21:43:36.395 udid:00008101-001D25263A8B001E，请在设备端按下“信任”按钮。
2023-08-21 21:43:37.832 udid:00008101-001D25263A8B001E，请在设备端按下“信任”按钮。
2023-08-21 21:43:39.250 udid:00008101-001D25263A8B001E，请在设备端按下“信任”按钮。
2023-08-21 21:43:40.197 udid:00008101-001D25263A8B001E，请在设备端按下“信任”按钮。
2023-08-21 21:43:40.695 udid:00008101-001D25263A8B001E，请在设备端按下“信任”按钮。
2023-08-21 21:43:42.389 udid:00008101-001D25263A8B001E，请在设备端按下“信任”按钮。
2023-08-21 21:43:43.632 udid:00008101-001D25263A8B001E，请在设备端按下“信任”按钮。
2023-08-21 21:43:45.153 udid:00008101-001D25263A8B001E，请在设备端按下“信任”按钮。
2023-08-21 21:43:46.538 udid:00008101-001D25263A8B001E，请在设备端按下“信任”按钮。
2023-08-21 21:43:47.879 Unknown message 4

2023-08-21 21:43:47.912 Unknown message 4

2023-08-21 21:43:48.9 Unknown message 4

2023-08-21 21:43:50.216 ATHostConnection(),返回值:True,udid:00008101-001D25263A8B001E
2023-08-21 21:43:50.442 udid:00008101-001D25263A8B001E,ReceiveMessage:InstalledAssets
2023-08-21 21:43:50.442 udid:00008101-001D25263A8B001E,ReceiveMessage:AssetMetrics
2023-08-21 21:43:50.442 udid:00008101-001D25263A8B001E,ReceiveMessage:SyncAllowed
2023-08-21 21:43:50.450 udid:00008101-001D25263A8B001E,SyncAllowed message read success.
2023-08-21 21:43:51.178 udid:00008101-001D25263A8B001E,RemoteGetGrappa success.
2023-08-21 21:43:51.194 udid:00008101-001D25263A8B001E,ReceiveMessage:SyncAllowed
2023-08-21 21:43:51.197 udid:00008101-001D25263A8B001E,ReceiveMessage:InstalledAssets
2023-08-21 21:43:51.224 udid:00008101-001D25263A8B001E,ReceiveMessage:ReadyForSync
2023-08-21 21:43:51.238 udid:00008101-001D25263A8B001E,ReadyForSync message read success.
2023-08-21 21:43:51.746 不处理USB以外连接设备 000001F4F44A9A70 进行connect.
2023-08-21 21:43:51.882 udid:00008101-001D25263A8B001E,ReceiveMessage:SyncFinished
2023-08-21 21:43:51.882 udid:00008101-001D25263A8B001E,ReceiveMessage end.
2023-08-21 21:43:51.885 udid:00008101-001D25263A8B001E,ATHostDisconnect success.
2023-08-21 21:44:07.803 Unsubscribed
2023-08-21 21:44:07.803 Unsubscribed
2023-08-21 21:44:07.803 StopListen success.
2023-08-29 12:47:28.896 StartListen( True ) success.
2023-08-29 12:47:30.991 Unsubscribed
2023-08-29 12:47:30.991 Unsubscribed
2023-08-29 12:47:30.991 StopListen success.
2023-09-29 20:30:22.946 StartListen( True ) success.
2023-09-29 20:30:34.909 Unsubscribed
2023-09-29 20:30:34.909 Unsubscribed
2023-09-29 20:30:34.909 StopListen success.
2023-09-30 13:21:43.591 StartListen( True ) success.
2023-09-30 13:21:43.610 Start Device.
2023-09-30 13:21:43.610 Device 000001ACEF5EE820 connected,udid:00008110-001661542113801E
2023-09-30 13:21:43.964 udid:00008110-001661542113801E，请在设备端按下“信任”按钮。
2023-09-30 13:21:45.84 udid:00008110-001661542113801E，请在设备端按下“信任”按钮。
2023-09-30 13:21:46.583 udid:00008110-001661542113801E，请在设备端按下“信任”按钮。
2023-09-30 13:21:46.982 udid:00008110-001661542113801E，请在设备端按下“信任”按钮。
2023-09-30 13:21:47.875 udid:00008110-001661542113801E，请在设备端按下“信任”按钮。
2023-09-30 13:21:48.302 udid:00008110-001661542113801E，请在设备端按下“信任”按钮。
2023-09-30 13:21:50.213 udid:00008110-001661542113801E，请在设备端按下“信任”按钮。
2023-09-30 13:21:51.618 udid:00008110-001661542113801E，请在设备端按下“信任”按钮。
2023-09-30 13:21:53.220 udid:00008110-001661542113801E，请在设备端按下“信任”按钮。
2023-09-30 13:21:54.303 Unknown message 4

2023-09-30 13:21:54.568 Unknown message 4

2023-09-30 13:21:56.802 不处理USB以外连接设备 000001ACEF5EE0D0 进行connect.
2023-09-30 13:21:56.849 ATHostConnection(),返回值:True,udid:00008110-001661542113801E
2023-09-30 13:21:59.891 udid:00008110-001661542113801E,ReceiveMessage:InstalledAssets
2023-09-30 13:21:59.891 udid:00008110-001661542113801E,ReceiveMessage:AssetMetrics
2023-09-30 13:21:59.891 udid:00008110-001661542113801E,ReceiveMessage:SyncAllowed
2023-09-30 13:21:59.900 udid:00008110-001661542113801E,SyncAllowed message read success.
2023-09-30 13:21:59.900 udid:00008110-001661542113801E,RemoteGetGrappa success.
2023-09-30 13:21:59.982 udid:00008110-001661542113801E,ReceiveMessage:SyncAllowed
2023-09-30 13:21:59.982 udid:00008110-001661542113801E,ReceiveMessage:InstalledAssets
2023-09-30 13:22:00.92 udid:00008110-001661542113801E,ReceiveMessage:ReadyForSync
2023-09-30 13:22:00.104 udid:00008110-001661542113801E,ReadyForSync message read success.
2023-09-30 13:22:01.245 udid:00008110-001661542113801E,ReceiveMessage:SyncFinished
2023-09-30 13:22:01.245 udid:00008110-001661542113801E,ReceiveMessage end.
2023-09-30 13:22:01.247 udid:00008110-001661542113801E,ATHostDisconnect success.
2023-09-30 13:22:27.826 Unsubscribed
2023-09-30 13:22:27.826 Unsubscribed
2023-09-30 13:22:27.826 StopListen success.
2023-10-10 16:17:23.745 StartListen( True ) success.
2023-10-10 16:17:35.964 Unsubscribed
2023-10-10 16:17:35.964 Unsubscribed
2023-10-10 16:17:35.964 StopListen success.
2024-02-19 23:00:59.399 StartListen( True ) success.
2024-02-19 23:01:08.153 StartListen( True ) success.
2024-02-19 23:01:09.818 Unsubscribed
2024-02-19 23:01:09.818 Unsubscribed
2024-02-19 23:01:09.818 StopListen success.
2024-03-02 18:19:16.811 StartListen( True ) success.
2024-03-02 18:19:26.846 StartListen( True ) success.
2024-03-02 18:19:35.962 Unsubscribed
2024-03-02 18:19:35.962 Unsubscribed
2024-03-02 18:19:35.962 StopListen success.
2024-03-11 16:58:33.145 StartListen( True ) success.
2024-03-11 17:00:15.343 Start Device.
2024-03-11 17:00:15.343 Device 000002872AA13680 connected,udid:00008110-000E3C66018A401E
2024-03-11 17:00:15.953 udid:00008110-000E3C66018A401E，请在设备端按下“信任”按钮。
2024-03-11 17:00:17.186 udid:00008110-000E3C66018A401E，请在设备端按下“信任”按钮。
2024-03-11 17:00:18.532 udid:00008110-000E3C66018A401E，请在设备端按下“信任”按钮。
2024-03-11 17:00:19.919 udid:00008110-000E3C66018A401E，请在设备端按下“信任”按钮。
2024-03-11 17:01:29.717 StartListen( True ) success.
2024-03-11 17:01:29.732 Start Device.
2024-03-11 17:01:29.732 Device 00000193C27CA390 connected,udid:00008110-000E3C66018A401E
2024-03-11 17:01:29.825 ATHostConnection(),返回值:True,udid:00008110-000E3C66018A401E
2024-03-11 17:01:30.13 udid:00008110-000E3C66018A401E,ReceiveMessage:InstalledAssets
2024-03-11 17:01:30.13 udid:00008110-000E3C66018A401E,ReceiveMessage:AssetMetrics
2024-03-11 17:01:30.13 udid:00008110-000E3C66018A401E,ReceiveMessage:SyncAllowed
2024-03-11 17:01:30.14 udid:00008110-000E3C66018A401E,SyncAllowed message read success.
2024-03-11 17:01:30.293 udid:00008110-000E3C66018A401E,RemoteGetGrappa failed
2024-03-11 17:01:40.604 StartListen( True ) success.
2024-03-11 17:01:40.644 Start Device.
2024-03-11 17:01:40.645 Device 000001F8A11BDF60 connected,udid:00008110-000E3C66018A401E
2024-03-11 17:01:40.727 ATHostConnection(),返回值:True,udid:00008110-000E3C66018A401E
2024-03-11 17:01:40.894 udid:00008110-000E3C66018A401E,ReceiveMessage:InstalledAssets
2024-03-11 17:01:40.894 udid:00008110-000E3C66018A401E,ReceiveMessage:AssetMetrics
2024-03-11 17:01:40.894 udid:00008110-000E3C66018A401E,ReceiveMessage:SyncAllowed
2024-03-11 17:01:40.901 udid:00008110-000E3C66018A401E,SyncAllowed message read success.
2024-03-11 17:01:42.568 udid:00008110-000E3C66018A401E,RemoteGetGrappa failed
2024-03-11 17:02:29.277 StartListen( True ) success.
2024-03-11 17:02:29.292 Start Device.
2024-03-11 17:02:29.292 Device 000002C723A240D0 connected,udid:00008110-000E3C66018A401E
2024-03-11 17:02:29.376 ATHostConnection(),返回值:True,udid:00008110-000E3C66018A401E
2024-03-11 17:02:29.543 udid:00008110-000E3C66018A401E,ReceiveMessage:InstalledAssets
2024-03-11 17:02:29.544 udid:00008110-000E3C66018A401E,ReceiveMessage:AssetMetrics
2024-03-11 17:02:29.544 udid:00008110-000E3C66018A401E,ReceiveMessage:SyncAllowed
2024-03-11 17:02:29.558 udid:00008110-000E3C66018A401E,SyncAllowed message read success.
2024-03-11 17:02:29.980 udid:00008110-000E3C66018A401E,RemoteGetGrappa failed
2024-03-11 17:02:37.724 StartListen( True ) success.
2024-03-11 17:02:37.770 Start Device.
2024-03-11 17:02:37.770 Device 000001D835443420 connected,udid:00008110-000E3C66018A401E
2024-03-11 17:02:37.857 ATHostConnection(),返回值:True,udid:00008110-000E3C66018A401E
2024-03-11 17:02:38.29 udid:00008110-000E3C66018A401E,ReceiveMessage:InstalledAssets
2024-03-11 17:02:38.30 udid:00008110-000E3C66018A401E,ReceiveMessage:AssetMetrics
2024-03-11 17:02:38.30 udid:00008110-000E3C66018A401E,ReceiveMessage:SyncAllowed
2024-03-11 17:02:38.31 udid:00008110-000E3C66018A401E,SyncAllowed message read success.
2024-03-11 17:02:38.397 udid:00008110-000E3C66018A401E,RemoteGetGrappa failed
2024-03-11 17:02:45.584 StartListen( True ) success.
2024-03-11 17:02:45.626 Start Device.
2024-03-11 17:02:45.626 Device 00000159E8521E00 connected,udid:00008110-000E3C66018A401E
2024-03-11 17:02:45.718 ATHostConnection(),返回值:True,udid:00008110-000E3C66018A401E
2024-03-11 17:02:45.888 udid:00008110-000E3C66018A401E,ReceiveMessage:InstalledAssets
2024-03-11 17:02:45.888 udid:00008110-000E3C66018A401E,ReceiveMessage:AssetMetrics
2024-03-11 17:02:45.888 udid:00008110-000E3C66018A401E,ReceiveMessage:SyncAllowed
2024-03-11 17:02:45.904 udid:00008110-000E3C66018A401E,SyncAllowed message read success.
2024-03-11 17:02:46.152 udid:00008110-000E3C66018A401E,RemoteGetGrappa failed
2024-03-11 17:03:01.797 udid:00008110-000E3C66018A401E,ReceiveMessage:Ping
2024-03-11 17:03:01.797 udid:00008110-000E3C66018A401E,ReceiveMessage terminate.
2024-03-11 17:03:01.797 udid:00008110-000E3C66018A401E,AuthorizeDevice ReceiveMessage failed.
2024-03-11 17:03:01.798 udid:00008110-000E3C66018A401E,ATHostDisconnect success.
2024-03-11 17:03:13.112 Device 00000159E8521E00 disconnected,udid:00008110-000E3C66018A401E
2024-03-11 17:03:15.484 Start Device.
2024-03-11 17:03:15.484 Device 00000159EBE69F30 connected,udid:00008110-000E3C66018A401E
2024-03-11 17:03:15.558 ATHostConnection(),返回值:True,udid:00008110-000E3C66018A401E
2024-03-11 17:03:15.733 udid:00008110-000E3C66018A401E,ReceiveMessage:InstalledAssets
2024-03-11 17:03:15.733 udid:00008110-000E3C66018A401E,ReceiveMessage:AssetMetrics
2024-03-11 17:03:15.733 udid:00008110-000E3C66018A401E,ReceiveMessage:SyncAllowed
2024-03-11 17:03:15.742 udid:00008110-000E3C66018A401E,SyncAllowed message read success.
2024-03-11 17:03:15.742 udid:00008110-000E3C66018A401E,RemoteGetGrappa failed
2024-03-11 17:03:31.643 udid:00008110-000E3C66018A401E,ReceiveMessage:Ping
2024-03-11 17:03:31.644 udid:00008110-000E3C66018A401E,ReceiveMessage terminate.
2024-03-11 17:03:31.644 udid:00008110-000E3C66018A401E,AuthorizeDevice ReceiveMessage failed.
2024-03-11 17:03:31.645 udid:00008110-000E3C66018A401E,ATHostDisconnect success.
2024-03-11 17:05:05.867 Unsubscribed
2024-03-11 17:05:05.867 Unsubscribed
2024-03-11 17:05:05.867 StopListen success.
2024-03-11 17:05:10.788 StartListen( True ) success.
2024-03-11 17:05:10.827 Start Device.
2024-03-11 17:05:10.827 Device 000001B8C6C90540 connected,udid:00008110-000E3C66018A401E
2024-03-11 17:05:10.920 ATHostConnection(),返回值:True,udid:00008110-000E3C66018A401E
2024-03-11 17:05:11.90 udid:00008110-000E3C66018A401E,ReceiveMessage:InstalledAssets
2024-03-11 17:05:11.90 udid:00008110-000E3C66018A401E,ReceiveMessage:AssetMetrics
2024-03-11 17:05:11.90 udid:00008110-000E3C66018A401E,ReceiveMessage:SyncAllowed
2024-03-11 17:05:11.97 udid:00008110-000E3C66018A401E,SyncAllowed message read success.
2024-03-11 17:05:11.614 udid:00008110-000E3C66018A401E,RemoteGetGrappa failed
2024-03-11 17:05:26.995 udid:00008110-000E3C66018A401E,ReceiveMessage:Ping
2024-03-11 17:05:26.995 udid:00008110-000E3C66018A401E,ReceiveMessage terminate.
2024-03-11 17:05:26.995 udid:00008110-000E3C66018A401E,AuthorizeDevice ReceiveMessage failed.
2024-03-11 17:05:26.996 udid:00008110-000E3C66018A401E,ATHostDisconnect success.
2024-03-11 17:06:15.52 Unsubscribed
2024-03-11 17:06:15.52 Unsubscribed
2024-03-11 17:06:15.52 StopListen success.
2024-03-11 17:06:16.849 StartListen( True ) success.
2024-03-11 17:06:16.883 Start Device.
2024-03-11 17:06:16.884 Device 000001F64C89AEF0 connected,udid:00008110-000E3C66018A401E
2024-03-11 17:06:16.982 ATHostConnection(),返回值:True,udid:00008110-000E3C66018A401E
2024-03-11 17:06:17.302 udid:00008110-000E3C66018A401E,ReceiveMessage:InstalledAssets
2024-03-11 17:06:17.302 udid:00008110-000E3C66018A401E,ReceiveMessage:AssetMetrics
2024-03-11 17:06:17.302 udid:00008110-000E3C66018A401E,ReceiveMessage:SyncAllowed
2024-03-11 17:06:17.315 udid:00008110-000E3C66018A401E,SyncAllowed message read success.
2024-03-11 17:06:17.504 udid:00008110-000E3C66018A401E,RemoteGetGrappa failed
2024-03-11 17:06:33.117 udid:00008110-000E3C66018A401E,ReceiveMessage:Ping
2024-03-11 17:06:33.117 udid:00008110-000E3C66018A401E,ReceiveMessage terminate.
2024-03-11 17:06:33.117 udid:00008110-000E3C66018A401E,AuthorizeDevice ReceiveMessage failed.
2024-03-11 17:06:33.119 udid:00008110-000E3C66018A401E,ATHostDisconnect success.
2024-03-11 17:07:15.196 Device 000001F64C89AEF0 disconnected,udid:00008110-000E3C66018A401E
2024-03-11 17:08:00.812 Start Device.
2024-03-11 17:08:00.812 Device 000001F668D97470 connected,udid:00008110-000E3C66018A401E
2024-03-11 17:08:00.968 ATHostConnection(),返回值:True,udid:00008110-000E3C66018A401E
2024-03-11 17:08:01.248 udid:00008110-000E3C66018A401E,ReceiveMessage:InstalledAssets
2024-03-11 17:08:01.248 udid:00008110-000E3C66018A401E,ReceiveMessage:AssetMetrics
2024-03-11 17:08:01.248 udid:00008110-000E3C66018A401E,ReceiveMessage:SyncAllowed
2024-03-11 17:08:01.255 udid:00008110-000E3C66018A401E,SyncAllowed message read success.
2024-03-11 17:08:01.255 udid:00008110-000E3C66018A401E,RemoteGetGrappa failed
2024-03-11 17:08:17.150 udid:00008110-000E3C66018A401E,ReceiveMessage:Ping
2024-03-11 17:08:17.150 udid:00008110-000E3C66018A401E,ReceiveMessage terminate.
2024-03-11 17:08:17.150 udid:00008110-000E3C66018A401E,AuthorizeDevice ReceiveMessage failed.
2024-03-11 17:08:17.151 udid:00008110-000E3C66018A401E,ATHostDisconnect success.
2024-03-11 17:45:59.107 StartListen( True ) success.
2024-03-11 17:45:59.124 Start Device.
2024-03-11 17:45:59.124 Device 000001FEBD1F89F0 connected,udid:00008110-000E3C66018A401E
2024-03-11 17:45:59.266 ATHostConnection(),返回值:True,udid:00008110-000E3C66018A401E
2024-03-11 17:45:59.448 udid:00008110-000E3C66018A401E,ReceiveMessage:InstalledAssets
2024-03-11 17:45:59.449 udid:00008110-000E3C66018A401E,ReceiveMessage:AssetMetrics
2024-03-11 17:45:59.449 udid:00008110-000E3C66018A401E,ReceiveMessage:SyncAllowed
2024-03-11 17:45:59.455 udid:00008110-000E3C66018A401E,SyncAllowed message read success.
2024-03-11 17:45:59.658 udid:00008110-000E3C66018A401E,RemoteGetGrappa failed
2024-03-11 17:46:06.435 udid:00008110-000E3C66018A401E,ReceiveMessage:InstalledAssets
2024-03-11 17:46:06.435 udid:00008110-000E3C66018A401E,ReceiveMessage:AssetMetrics
2024-03-11 17:46:06.435 udid:00008110-000E3C66018A401E,ReceiveMessage:SyncAllowed
2024-03-11 17:46:09.320 udid:00008110-000E3C66018A401E,ReceiveMessage:AssetMetrics
2024-03-11 17:46:09.320 udid:00008110-000E3C66018A401E,ReceiveMessage terminate.
2024-03-11 17:46:09.320 udid:00008110-000E3C66018A401E,AuthorizeDevice ReceiveMessage failed.
2024-03-11 17:46:09.322 udid:00008110-000E3C66018A401E,ATHostDisconnect success.
2024-03-11 17:46:09.335 Device 000001FEBD1F89F0 disconnected,udid:00008110-000E3C66018A401E
2024-03-11 17:46:09.340 Start Device.
2024-03-11 17:46:09.340 Device 000001FEDC3F86A0 connected,udid:00008110-000E3C66018A401E
2024-03-11 17:46:09.402 ATHostConnection(),返回值:True,udid:00008110-000E3C66018A401E
2024-03-11 17:46:09.561 udid:00008110-000E3C66018A401E,ReceiveMessage:InstalledAssets
2024-03-11 17:46:09.562 udid:00008110-000E3C66018A401E,ReceiveMessage:AssetMetrics
2024-03-11 17:46:09.562 udid:00008110-000E3C66018A401E,ReceiveMessage:SyncAllowed
2024-03-11 17:46:09.567 udid:00008110-000E3C66018A401E,SyncAllowed message read success.
2024-03-11 17:46:09.567 udid:00008110-000E3C66018A401E,RemoteGetGrappa failed
2024-03-11 17:46:25.464 udid:00008110-000E3C66018A401E,ReceiveMessage:Ping
2024-03-11 17:46:25.464 udid:00008110-000E3C66018A401E,ReceiveMessage terminate.
2024-03-11 17:46:25.464 udid:00008110-000E3C66018A401E,AuthorizeDevice ReceiveMessage failed.
2024-03-11 17:46:25.465 udid:00008110-000E3C66018A401E,ATHostDisconnect success.
2024-03-11 17:48:56.325 Unsubscribed
2024-03-11 17:48:56.325 Unsubscribed
2024-03-11 17:48:56.325 StopListen success.
2024-03-11 17:49:37.322 StartListen( True ) success.
2024-03-11 17:49:37.574 Start Device.
2024-03-11 17:49:37.574 Device 000002873645B0C0 connected,udid:00008101-001D25263A8B001E
2024-03-11 17:49:37.962 udid:00008101-001D25263A8B001E，请在设备端按下“信任”按钮。
2024-03-11 17:49:39.363 udid:00008101-001D25263A8B001E，请在设备端按下“信任”按钮。
2024-03-11 17:49:40.714 udid:00008101-001D25263A8B001E，请在设备端按下“信任”按钮。
2024-03-11 17:49:42.18 udid:00008101-001D25263A8B001E，请在设备端按下“信任”按钮。
2024-03-11 17:49:43.788 udid:00008101-001D25263A8B001E，请在设备端按下“信任”按钮。
2024-03-11 17:49:45.190 udid:00008101-001D25263A8B001E，请在设备端按下“信任”按钮。
2024-03-11 17:49:45.451 udid:00008101-001D25263A8B001E，请在设备端按下“信任”按钮。
2024-03-11 17:49:46.774 udid:00008101-001D25263A8B001E，请在设备端按下“信任”按钮。
2024-03-11 17:49:47.949 udid:00008101-001D25263A8B001E，请在设备端按下“信任”按钮。
2024-03-11 17:49:49.220 udid:00008101-001D25263A8B001E，请在设备端按下“信任”按钮。
2024-03-11 17:49:50.536 udid:00008101-001D25263A8B001E，请在设备端按下“信任”按钮。
2024-03-11 17:49:52.48 Unknown message 4

2024-03-11 17:49:52.377 Unknown message 4

2024-03-11 17:49:54.361 不处理USB以外连接设备 000002873645B260 进行connect.
2024-03-11 17:50:02.348 ATHostConnection(),返回值:True,udid:00008101-001D25263A8B001E
2024-03-11 17:50:05.444 udid:00008101-001D25263A8B001E,ReceiveMessage:InstalledAssets
2024-03-11 17:50:05.445 udid:00008101-001D25263A8B001E,ReceiveMessage:AssetMetrics
2024-03-11 17:50:05.446 udid:00008101-001D25263A8B001E,ReceiveMessage:SyncAllowed
2024-03-11 17:50:05.449 udid:00008101-001D25263A8B001E,SyncAllowed message read success.
2024-03-11 17:50:07.626 udid:00008101-001D25263A8B001E,RemoteGetGrappa failed
2024-03-11 17:50:19.866 udid:00008101-001D25263A8B001E,ReceiveMessage:Ping
2024-03-11 17:50:19.866 udid:00008101-001D25263A8B001E,ReceiveMessage terminate.
2024-03-11 17:50:19.866 udid:00008101-001D25263A8B001E,AuthorizeDevice ReceiveMessage failed.
2024-03-11 17:50:19.872 udid:00008101-001D25263A8B001E,ATHostDisconnect success.
2024-03-11 17:50:45.570 Device 000002873645B0C0 disconnected,udid:00008101-001D25263A8B001E
2024-03-11 17:51:00.725 Start Device.
2024-03-11 17:51:00.725 Device 00000287560E30B0 connected,udid:00008110-000E3C66018A401E
2024-03-11 17:51:00.805 ATHostConnection(),返回值:True,udid:00008110-000E3C66018A401E
2024-03-11 17:51:01.107 udid:00008110-000E3C66018A401E,ReceiveMessage:InstalledAssets
2024-03-11 17:51:01.107 udid:00008110-000E3C66018A401E,ReceiveMessage:AssetMetrics
2024-03-11 17:51:01.107 udid:00008110-000E3C66018A401E,ReceiveMessage:SyncAllowed
2024-03-11 17:51:01.112 udid:00008110-000E3C66018A401E,SyncAllowed message read success.
2024-03-11 17:51:01.112 udid:00008110-000E3C66018A401E,RemoteGetGrappa failed
2024-03-11 17:51:08.635 udid:00008110-000E3C66018A401E,ReceiveMessage:InstalledAssets
2024-03-11 17:51:08.636 udid:00008110-000E3C66018A401E,ReceiveMessage:AssetMetrics
2024-03-11 17:51:08.639 udid:00008110-000E3C66018A401E,ReceiveMessage:SyncAllowed
2024-03-11 17:51:16.967 udid:00008110-000E3C66018A401E,ReceiveMessage:Ping
2024-03-11 17:51:16.967 udid:00008110-000E3C66018A401E,ReceiveMessage terminate.
2024-03-11 17:51:16.967 udid:00008110-000E3C66018A401E,AuthorizeDevice ReceiveMessage failed.
2024-03-11 17:51:16.968 udid:00008110-000E3C66018A401E,ATHostDisconnect success.
2024-03-11 17:53:44.940 Device 000002873645B260 disconnected,udid:NULL.
2024-03-11 17:53:53.750 不处理USB以外连接设备 00000287560E2FE0 进行connect.
2024-03-11 17:54:14.750 Device 00000287560E2FE0 disconnected,udid:NULL.
2024-03-11 17:54:24.485 不处理USB以外连接设备 00000287560E38D0 进行connect.
2024-03-11 17:54:32.669 Device 00000287560E38D0 disconnected,udid:NULL.
2024-03-11 17:54:38.907 不处理USB以外连接设备 00000287560E2BD0 进行connect.
2024-03-11 17:55:09.718 Device 00000287560E2BD0 disconnected,udid:NULL.
2024-03-11 17:55:12.860 不处理USB以外连接设备 00000287560E3250 进行connect.
2024-03-11 18:13:29.309 Device 00000287560E3250 disconnected,udid:NULL.
2024-03-11 18:13:33.178 不处理USB以外连接设备 00000287560E27C0 进行connect.
2024-03-11 18:13:41.289 Device 00000287560E27C0 disconnected,udid:NULL.
2024-03-11 18:13:52.570 不处理USB以外连接设备 00000287560E3C10 进行connect.
2024-03-11 18:13:55.943 Unsubscribed
2024-03-11 18:13:55.943 Unsubscribed
2024-03-11 18:13:55.943 StopListen success.
2024-03-11 18:40:22.783 StartListen( True ) success.
2024-03-11 18:40:22.808 Start Device.
2024-03-11 18:40:22.808 Device 000001C448540620 connected,udid:00008110-000E3C66018A401E
2024-03-11 18:40:22.929 ATHostConnection(),返回值:True,udid:00008110-000E3C66018A401E
2024-03-11 18:40:23.130 udid:00008110-000E3C66018A401E,ReceiveMessage:InstalledAssets
2024-03-11 18:40:23.130 udid:00008110-000E3C66018A401E,ReceiveMessage:AssetMetrics
2024-03-11 18:40:23.130 udid:00008110-000E3C66018A401E,ReceiveMessage:SyncAllowed
2024-03-11 18:40:23.131 udid:00008110-000E3C66018A401E,SyncAllowed message read success.
2024-03-11 18:40:23.358 udid:00008110-000E3C66018A401E,RemoteGetGrappa failed
2024-03-11 18:40:28.851 不处理USB以外连接设备 000001C4649E6ED0 进行connect.
2024-03-11 18:40:30.391 Unsubscribed
2024-03-11 18:40:30.391 Unsubscribed
2024-03-11 18:40:30.391 StopListen success.
2024-03-11 18:40:33.452 StartListen( True ) success.
2024-03-11 18:40:33.617 不处理USB以外连接设备 000001C27064AD30 进行connect.
2024-03-11 18:40:33.626 Start Device.
2024-03-11 18:40:33.626 Device 000001C27064AED0 connected,udid:00008110-000E3C66018A401E
2024-03-11 18:40:33.705 ATHostConnection(),返回值:True,udid:00008110-000E3C66018A401E
2024-03-11 18:40:33.876 udid:00008110-000E3C66018A401E,ReceiveMessage:InstalledAssets
2024-03-11 18:40:33.876 udid:00008110-000E3C66018A401E,ReceiveMessage:AssetMetrics
2024-03-11 18:40:33.876 udid:00008110-000E3C66018A401E,ReceiveMessage:SyncAllowed
2024-03-11 18:40:33.890 udid:00008110-000E3C66018A401E,SyncAllowed message read success.
2024-03-11 18:40:34.32 udid:00008110-000E3C66018A401E,RemoteGetGrappa failed
2024-03-11 18:40:41.34 Device 000001C27064AD30 disconnected,udid:NULL.
2024-03-11 18:41:36.65 StartListen( True ) success.
2024-03-11 18:41:36.195 不处理USB以外连接设备 00000289E24F3650 进行connect.
2024-03-11 18:41:36.208 Start Device.
2024-03-11 18:41:36.208 Device 00000289E24F3B30 connected,udid:00008110-000E3C66018A401E
2024-03-11 18:41:36.297 ATHostConnection(),返回值:True,udid:00008110-000E3C66018A401E
2024-03-11 18:41:36.474 udid:00008110-000E3C66018A401E,ReceiveMessage:InstalledAssets
2024-03-11 18:41:36.475 udid:00008110-000E3C66018A401E,ReceiveMessage:AssetMetrics
2024-03-11 18:41:36.475 udid:00008110-000E3C66018A401E,ReceiveMessage:SyncAllowed
2024-03-11 18:41:36.483 udid:00008110-000E3C66018A401E,SyncAllowed message read success.
2024-03-11 18:41:36.784 udid:00008110-000E3C66018A401E,RemoteGetGrappa failed
2024-03-11 18:41:39.417 Device 00000289E24F3650 disconnected,udid:NULL.
2024-03-11 18:41:48.29 不处理USB以外连接设备 00000289E5D07990 进行connect.
2024-03-11 18:41:52.372 udid:00008110-000E3C66018A401E,ReceiveMessage:Ping
2024-03-11 18:41:52.372 udid:00008110-000E3C66018A401E,ReceiveMessage terminate.
2024-03-11 18:41:52.372 udid:00008110-000E3C66018A401E,AuthorizeDevice ReceiveMessage failed.
2024-03-11 18:41:52.374 udid:00008110-000E3C66018A401E,ATHostDisconnect success.
2024-03-11 18:41:56.108 Device 00000289E5D07990 disconnected,udid:NULL.
2024-03-11 18:42:03.658 不处理USB以外连接设备 00000289E5D080E0 进行connect.
2024-03-11 18:42:11.776 Device 00000289E5D080E0 disconnected,udid:NULL.
2024-03-11 18:42:19.125 不处理USB以外连接设备 00000289E5D08280 进行connect.
2024-03-11 18:42:27.341 Device 00000289E5D08280 disconnected,udid:NULL.
2024-03-11 18:42:34.994 不处理USB以外连接设备 00000289E5D084F0 进行connect.
2024-03-11 18:42:43.109 Device 00000289E5D084F0 disconnected,udid:NULL.
2024-03-11 18:42:50.579 不处理USB以外连接设备 00000289E24F3310 进行connect.
2024-03-11 18:43:02.359 Device 00000289E24F3310 disconnected,udid:NULL.
2024-03-11 18:43:06.218 不处理USB以外连接设备 00000289E24F40E0 进行connect.
2024-03-11 18:43:14.258 Device 00000289E24F40E0 disconnected,udid:NULL.
2024-03-11 18:43:21.906 不处理USB以外连接设备 00000289E5CFC660 进行connect.
2024-03-11 18:43:30.7 Device 00000289E5CFC660 disconnected,udid:NULL.
2024-03-11 18:43:37.187 不处理USB以外连接设备 00000289E5CFCDB0 进行connect.
2024-03-11 18:43:45.276 Device 00000289E5CFCDB0 disconnected,udid:NULL.
2024-03-11 18:43:52.875 不处理USB以外连接设备 00000289E5CFC4C0 进行connect.
2024-03-11 18:43:58.375 Device 00000289E5CFC4C0 disconnected,udid:NULL.
2024-03-11 18:44:08.803 不处理USB以外连接设备 00000289E5CFC320 进行connect.
2024-03-11 18:44:16.908 Device 00000289E5CFC320 disconnected,udid:NULL.
2024-03-11 18:44:24.682 不处理USB以外连接设备 00000289E5CFC250 进行connect.
2024-03-11 18:44:32.759 Device 00000289E5CFC250 disconnected,udid:NULL.
2024-03-11 18:44:40.359 不处理USB以外连接设备 00000289E5CFD290 进行connect.
2024-03-11 18:44:48.446 Device 00000289E5CFD290 disconnected,udid:NULL.
2024-03-11 18:44:55.591 不处理USB以外连接设备 00000289E5CFC0B0 进行connect.
2024-03-11 18:45:03.705 Device 00000289E5CFC0B0 disconnected,udid:NULL.
2024-03-11 18:45:11.68 不处理USB以外连接设备 00000289E5CFBF10 进行connect.
2024-03-11 18:45:19.170 Device 00000289E5CFBF10 disconnected,udid:NULL.
2024-03-11 18:45:23.547 不处理USB以外连接设备 00000289E5CFD360 进行connect.
2024-03-11 18:45:28.995 Device 00000289E5CFD360 disconnected,udid:NULL.
2024-03-11 18:45:41.708 不处理USB以外连接设备 00000289E5CFCA70 进行connect.
2024-03-11 18:45:49.789 Device 00000289E5CFCA70 disconnected,udid:NULL.
2024-03-11 18:45:57.351 不处理USB以外连接设备 00000289E5CFBD70 进行connect.
2024-03-11 18:46:05.386 Device 00000289E5CFBD70 disconnected,udid:NULL.
2024-03-11 18:46:12.773 不处理USB以外连接设备 00000289E5CFD6A0 进行connect.
2024-03-11 18:46:18.250 Device 00000289E5CFD6A0 disconnected,udid:NULL.
2024-03-11 18:46:28.668 不处理USB以外连接设备 00000289E5CFC590 进行connect.
2024-03-11 18:46:36.785 Device 00000289E5CFC590 disconnected,udid:NULL.
2024-03-11 18:46:44.426 不处理USB以外连接设备 00000289E5CFB890 进行connect.
2024-03-11 18:46:49.893 Device 00000289E5CFB890 disconnected,udid:NULL.
2024-03-11 18:47:00.121 不处理USB以外连接设备 00000289E5CFC730 进行connect.
2024-03-11 18:47:08.222 Device 00000289E5CFC730 disconnected,udid:NULL.
2024-03-11 18:47:15.774 不处理USB以外连接设备 00000289E5CFBA30 进行connect.
2024-03-11 18:47:23.889 Device 00000289E5CFBA30 disconnected,udid:NULL.
2024-03-11 18:47:31.421 不处理USB以外连接设备 00000289E5CFC800 进行connect.
2024-03-11 18:47:39.558 Device 00000289E5CFC800 disconnected,udid:NULL.
2024-03-11 18:47:47.138 不处理USB以外连接设备 00000289E5CFCC10 进行connect.
2024-03-11 18:48:13.153 Device 00000289E5CFCC10 disconnected,udid:NULL.
2024-03-11 18:48:21.843 不处理USB以外连接设备 00000289E5D07B30 进行connect.
2024-03-11 18:48:29.892 Device 00000289E5D07B30 disconnected,udid:NULL.
2024-03-11 18:48:37.705 不处理USB以外连接设备 00000289E5CFD020 进行connect.
2024-03-11 18:48:45.742 Device 00000289E5CFD020 disconnected,udid:NULL.
2024-03-11 18:48:53.129 不处理USB以外连接设备 00000289E5CFC8D0 进行connect.
2024-03-11 18:48:58.507 Device 00000289E5CFC8D0 disconnected,udid:NULL.
2024-03-11 18:49:08.419 不处理USB以外连接设备 00000289E5DC47D0 进行connect.
2024-03-11 18:49:16.631 Device 00000289E5DC47D0 disconnected,udid:NULL.
2024-03-11 18:49:23.962 不处理USB以外连接设备 00000289E5DC6510 进行connect.
2024-03-11 18:49:29.432 Device 00000289E5DC6510 disconnected,udid:NULL.
2024-03-11 18:49:39.392 不处理USB以外连接设备 00000289E5DC6370 进行connect.
2024-03-11 18:49:47.454 Device 00000289E5DC6370 disconnected,udid:NULL.
2024-03-11 18:49:55.20 不处理USB以外连接设备 00000289E5DC54D0 进行connect.
2024-03-11 18:50:03.223 Device 00000289E5DC54D0 disconnected,udid:NULL.
2024-03-11 18:50:11.89 不处理USB以外连接设备 00000289E5DC5CF0 进行connect.
2024-03-11 18:50:19.197 Device 00000289E5DC5CF0 disconnected,udid:NULL.
2024-03-11 18:50:26.444 Unsubscribed
2024-03-11 18:50:26.444 Unsubscribed
2024-03-11 18:50:26.444 StopListen success.
2024-03-11 18:50:29.488 StartListen( True ) success.
2024-03-11 18:50:29.583 不处理USB以外连接设备 000001D86D133510 进行connect.
2024-03-11 18:50:29.603 Start Device.
2024-03-11 18:50:29.603 Device 000001D86D133100 connected,udid:00008110-000E3C66018A401E
2024-03-11 18:50:29.685 ATHostConnection(),返回值:True,udid:00008110-000E3C66018A401E
2024-03-11 18:50:29.843 udid:00008110-000E3C66018A401E,ReceiveMessage:InstalledAssets
2024-03-11 18:50:29.843 udid:00008110-000E3C66018A401E,ReceiveMessage:AssetMetrics
2024-03-11 18:50:29.843 udid:00008110-000E3C66018A401E,ReceiveMessage:SyncAllowed
2024-03-11 18:50:29.856 udid:00008110-000E3C66018A401E,SyncAllowed message read success.
2024-03-11 18:50:29.982 udid:00008110-000E3C66018A401E,RemoteGetGrappa failed
2024-03-11 18:50:36.247 Device 000001D86D133510 disconnected,udid:NULL.
2024-03-11 18:50:50.973 StartListen( True ) success.
2024-03-11 18:50:51.10 Start Device.
2024-03-11 18:50:51.10 Device 00000217E8BD1E40 connected,udid:00008110-000E3C66018A401E
2024-03-11 18:50:51.100 ATHostConnection(),返回值:True,udid:00008110-000E3C66018A401E
2024-03-11 18:50:51.282 udid:00008110-000E3C66018A401E,ReceiveMessage:InstalledAssets
2024-03-11 18:50:51.282 udid:00008110-000E3C66018A401E,ReceiveMessage:AssetMetrics
2024-03-11 18:50:51.282 udid:00008110-000E3C66018A401E,ReceiveMessage:SyncAllowed
2024-03-11 18:50:51.297 udid:00008110-000E3C66018A401E,SyncAllowed message read success.
2024-03-11 18:50:51.740 udid:00008110-000E3C66018A401E,RemoteGetGrappa failed
2024-03-11 18:50:55.905 udid:00008110-000E3C66018A401E,ReceiveMessage:InstalledAssets
2024-03-11 18:50:55.905 udid:00008110-000E3C66018A401E,ReceiveMessage:AssetMetrics
2024-03-11 18:50:55.905 udid:00008110-000E3C66018A401E,ReceiveMessage:SyncAllowed
2024-03-11 18:50:55.905 udid:00008110-000E3C66018A401E,ReceiveMessage:InstalledAssets
2024-03-11 18:50:55.906 udid:00008110-000E3C66018A401E,ReceiveMessage:AssetMetrics
2024-03-11 18:50:55.906 udid:00008110-000E3C66018A401E,ReceiveMessage:SyncAllowed
2024-03-11 18:51:11.731 udid:00008110-000E3C66018A401E,ReceiveMessage:Ping
2024-03-11 18:51:11.731 udid:00008110-000E3C66018A401E,ReceiveMessage terminate.
2024-03-11 18:51:11.731 udid:00008110-000E3C66018A401E,AuthorizeDevice ReceiveMessage failed.
2024-03-11 18:51:11.732 udid:00008110-000E3C66018A401E,ATHostDisconnect success.
2024-03-11 18:51:11.738 Device 00000217E8BD1E40 disconnected,udid:00008110-000E3C66018A401E
2024-03-11 18:51:11.761 Start Device.
2024-03-11 18:51:11.761 Device 00000217EC48C450 connected,udid:00008110-000E3C66018A401E
2024-03-11 18:51:11.871 ATHostConnection(),返回值:True,udid:00008110-000E3C66018A401E
2024-03-11 18:51:12.71 udid:00008110-000E3C66018A401E,ReceiveMessage:InstalledAssets
2024-03-11 18:51:12.72 udid:00008110-000E3C66018A401E,ReceiveMessage:AssetMetrics
2024-03-11 18:51:12.72 udid:00008110-000E3C66018A401E,ReceiveMessage:SyncAllowed
2024-03-11 18:51:12.82 udid:00008110-000E3C66018A401E,SyncAllowed message read success.
2024-03-11 18:51:12.82 udid:00008110-000E3C66018A401E,RemoteGetGrappa failed
2024-03-11 18:51:13.851 不处理USB以外连接设备 00000217EC48C5F0 进行connect.
2024-03-11 18:51:19.664 udid:00008110-000E3C66018A401E,ReceiveMessage:InstalledAssets
2024-03-11 18:51:19.664 udid:00008110-000E3C66018A401E,ReceiveMessage:AssetMetrics
2024-03-11 18:51:19.664 udid:00008110-000E3C66018A401E,ReceiveMessage:SyncAllowed
2024-03-11 18:51:19.664 udid:00008110-000E3C66018A401E,ReceiveMessage:InstalledAssets
2024-03-11 18:51:19.664 udid:00008110-000E3C66018A401E,ReceiveMessage:AssetMetrics
2024-03-11 18:51:19.664 udid:00008110-000E3C66018A401E,ReceiveMessage:SyncAllowed
2024-03-11 18:52:26.481 StartListen( True ) success.
2024-03-11 18:52:26.521 Start Device.
2024-03-11 18:52:26.522 Device 00000171A3E11730 connected,udid:00008101-001D25263A8B001E
2024-03-11 18:52:26.586 不处理USB以外连接设备 00000171C0247860 进行connect.
2024-03-11 18:52:26.637 ATHostConnection(),返回值:True,udid:00008101-001D25263A8B001E
2024-03-11 18:52:26.830 udid:00008101-001D25263A8B001E,ReceiveMessage:InstalledAssets
2024-03-11 18:52:26.830 udid:00008101-001D25263A8B001E,ReceiveMessage:AssetMetrics
2024-03-11 18:52:26.831 udid:00008101-001D25263A8B001E,ReceiveMessage:SyncAllowed
2024-03-11 18:52:26.845 udid:00008101-001D25263A8B001E,SyncAllowed message read success.
2024-03-11 18:52:26.913 udid:00008101-001D25263A8B001E,RemoteGetGrappa failed
2024-03-11 18:52:42.723 udid:00008101-001D25263A8B001E,ReceiveMessage:Ping
2024-03-11 18:52:42.723 udid:00008101-001D25263A8B001E,ReceiveMessage terminate.
2024-03-11 18:52:42.723 udid:00008101-001D25263A8B001E,AuthorizeDevice ReceiveMessage failed.
2024-03-11 18:52:42.724 udid:00008101-001D25263A8B001E,ATHostDisconnect success.
2024-03-11 18:53:21.231 Unsubscribed
2024-03-11 18:53:21.231 Unsubscribed
2024-03-11 18:53:21.231 StopListen success.
